[17Jan2025 00:00:45.944] [Server thread/WARN] [net.minecraft.server.MinecraftServer/]: Can't keep up! Is the server overloaded? Running 2016ms or 40 ticks behind
[17Jan2025 00:01:03.243] [Server thread/WARN] [net.minecraft.server.MinecraftServer/]: Can't keep up! Is the server overloaded? Running 2315ms or 46 ticks behind
[17Jan2025 00:02:08.099] [Server thread/WARN] [net.minecraft.server.MinecraftServer/]: Can't keep up! Is the server overloaded? Running 4471ms or 89 ticks behind
[17Jan2025 00:02:08.210] [Server thread/WARN] [net.minecraft.server.network.ServerGamePacketListenerImpl/]: lianjuega21 moved too quickly! -2.673175540956663,-0.5040129017765196,-9.835655827672326
[17Jan2025 00:02:08.364] [Server thread/WARN] [net.minecraft.server.network.ServerGamePacketListenerImpl/]: Judai moved too quickly! -5.873807147598427,0.0,-8.219058918943801
[17Jan2025 00:05:08.429] [Server thread/INFO] [net.minecraft.server.MinecraftServer/]: lianjuega21 has reached the goal [Pumpkin Sir]
[17Jan2025 00:05:44.423] [Server thread/INFO] [net.minecraft.server.MinecraftServer/]: Judai has made the advancement [Ice Bucket Challenge]
[17Jan2025 00:07:57.754] [Server thread/WARN] [net.minecraft.server.network.ServerGamePacketListenerImpl/]: Judai moved too quickly! 0.72926236092826,-2.176759275064242,9.751014923871253
[17Jan2025 00:07:57.766] [Server thread/WARN] [net.minecraft.server.network.ServerGamePacketListenerImpl/]: lianjuega21 moved too quickly! 3.005259517450213,0.04063974803862891,9.568642077837467
[17Jan2025 00:07:57.785] [Server thread/WARN] [net.minecraft.server.MinecraftServer/]: Can't keep up! Is the server overloaded? Running 3657ms or 73 ticks behind
[17Jan2025 00:10:07.820] [Server thread/INFO] [net.minecraft.server.MinecraftServer/]: [Judai: Teleported lianjuega21 to Judai]
[17Jan2025 00:10:33.125] [Server thread/INFO] [net.minecraft.server.MinecraftServer/]: lianjuega21 has completed the challenge [Thine end is here.]
[17Jan2025 00:10:33.152] [Server thread/INFO] [net.minecraft.server.MinecraftServer/]: lianjuega21 has made the advancement [First big catch of the month!]
[17Jan2025 00:10:33.600] [Server thread/INFO] [net.minecraft.server.MinecraftServer/]: lianjuega21 has completed the challenge [Strike upon thee]
[17Jan2025 00:10:34.411] [Server thread/INFO] [net.minecraft.server.MinecraftServer/]: lianjuega21 has completed the challenge [One eyed big skelly]
[17Jan2025 00:11:56.312] [Server thread/INFO] [net.minecraft.server.MinecraftServer/]: Judai has completed the challenge [Strike upon thee]
[17Jan2025 00:14:11.786] [Server thread/INFO] [net.minecraft.server.MinecraftServer/]: lianjuega21 was slain by Rhinoceros
[17Jan2025 00:14:11.805] [Server thread/INFO] [tombstone/]: The player lianjuega21 has successfully been saved
[17Jan2025 00:14:13.600] [Server thread/INFO] [net.minecraft.server.network.ServerGamePacketListenerImpl/]: Judai lost connection: Disconnected
[17Jan2025 00:14:13.600] [Server thread/INFO] [net.minecraft.server.MinecraftServer/]: Judai left the game
[17Jan2025 00:14:13.679] [Server thread/WARN] [net.minecraft.network.Connection/]: handleDisconnection() called twice
[17Jan2025 00:14:27.382] [Server thread/INFO] [net.minecraft.server.MinecraftServer/]: Stopping the server
[17Jan2025 00:14:27.445] [Server thread/INFO] [net.minecraft.server.MinecraftServer/]: Stopping server
[17Jan2025 00:14:27.447] [Server thread/INFO] [net.minecraft.server.MinecraftServer/]: Saving players
[17Jan2025 00:14:27.452] [Server thread/INFO] [net.minecraft.server.network.ServerGamePacketListenerImpl/]: lianjuega21 lost connection: Server closed
[17Jan2025 00:14:27.452] [Server thread/INFO] [net.minecraft.server.MinecraftServer/]: lianjuega21 left the game
[17Jan2025 00:14:27.458] [Server thread/INFO] [net.minecraft.server.MinecraftServer/]: Saving worlds
[17Jan2025 00:14:28.271] [Server thread/INFO] [net.minecraft.server.MinecraftServer/]: Saving chunks for level 'ServerLevel[world]'/minecraft:overworld
[17Jan2025 00:14:28.797] [Server thread/INFO] [net.minecraft.server.MinecraftServer/]: Saving chunks for level 'ServerLevel[world]'/minecraft:the_nether
[17Jan2025 00:14:28.798] [Server thread/INFO] [net.minecraft.server.MinecraftServer/]: Saving chunks for level 'ServerLevel[world]'/minecraft:the_end
[17Jan2025 00:14:28.826] [Server thread/INFO] [net.minecraft.server.MinecraftServer/]: ThreadedAnvilChunkStorage (world): All chunks are saved
[17Jan2025 00:14:28.826] [Server thread/INFO] [net.minecraft.server.MinecraftServer/]: ThreadedAnvilChunkStorage (DIM-1): All chunks are saved
[17Jan2025 00:14:28.827] [Server thread/INFO] [net.minecraft.server.MinecraftServer/]: ThreadedAnvilChunkStorage (DIM1): All chunks are saved
[17Jan2025 00:14:28.827] [Server thread/INFO] [net.minecraft.server.MinecraftServer/]: ThreadedAnvilChunkStorage: All dimensions are saved
[17Jan2025 00:14:28.874] [Server thread/INFO] [journeymap/]: Loading JourneyMap Forge Configs
